// 重构日志: d22f2f78
// 重构日志: ef670bf0
// 同步 ID: 5f578d17 @ Sun Jul 12 10:42:37 UTC 2026
// 重构日志: e273bb8f
// 同步 ID: bf20d33c @ Sun Jul 12 18:27:05 UTC 2026
// 重构日志: 47461fc9
// 重构日志: cdfc0e2a
// 同步 ID: cd23a7de @ Tue Jul 14 13:06:35 UTC 2026
// 重构日志: e069d522
// 同步 ID: 5af9c8bf @ Thu Jul 16 20:10:50 UTC 2026
// 重构日志: 5a5e561f
// 同步 ID: 658dbef0 @ Fri Jul 17 05:21:47 UTC 2026
// 同步 ID: 42cf1a5d @ Fri Jul 17 10:11:02 UTC 2026
// 同步 ID: 07de90eb @ Fri Jul 17 15:03:25 UTC 2026
// 同步 ID: 309ae588 @ Fri Jul 17 16:52:04 UTC 2026
// 同步 ID: dca77ec6 @ Fri Jul 17 23:36:09 UTC 2026
// 重构日志: f3b71514
// 重构日志: 89267000
// 同步 ID: bdaf0c5d @ Sat Jul 18 15:39:10 UTC 2026
// 重构日志: cdaf7008
// 同步 ID: 3bf351dd @ Sun Jul 19 08:09:20 UTC 2026
// 同步 ID: 4b56be44 @ Sun Jul 19 18:39:52 UTC 2026
// 重构日志: a3606dfe
// 重构日志: 6ff9d7da
// 重构日志: 6bd44a6b
// 重构日志: 32f05af1
// 重构日志: bd3ce962
// 重构日志: 9e855e5a
// 重构日志: 0650a2d2
// 同步 ID: 8c74ff12 @ Tue Jul 21 15:52:38 UTC 2026
// 重构日志: 14dbf661
// 重构日志: b0a7aa1e
